2025-04-28 18:13:29 - basic_filebuf::underflow error reading the file: Bir dizin
2025-04-28 18:16:21 - application start
2025-04-28 18:16:21 - en-US29
2025-04-28 18:16:32 - The file has been saved successfully.
2025-04-28 18:16:33 - The file has been saved successfully.
2025-04-28 18:16:34 - The file has been saved successfully.
2025-04-28 18:16:35 - The file has been saved successfully.
2025-04-28 18:16:35 - The file has been saved successfully.
2025-04-28 18:16:36 - The file has been saved successfully.
2025-04-28 18:16:37 - The file has been saved successfully.
2025-04-28 18:16:38 - The file has been saved successfully.
2025-04-28 18:16:39 - The file has been saved successfully.
2025-04-28 18:16:40 - The file has been saved successfully.
2025-04-28 18:16:45 - application start
2025-04-28 18:16:45 - en-US29
2025-04-28 18:16:49 - The file has been saved successfully.
2025-04-28 18:52:43 - application start
2025-04-28 18:52:43 - en-US29
2025-04-28 18:52:48 - The file has been saved successfully.
2025-04-28 18:53:05 - Detected > GNOME
2025-04-28 18:53:35 - Detected > GNOME
2025-04-28 18:53:46 - The file has been saved successfully.
2025-04-28 18:53:46 - The file has been saved successfully.
2025-04-28 18:55:43 - The file has been saved successfully.
2025-04-28 18:55:43 - The file has been saved successfully.
2025-04-28 18:55:43 - The file has been saved successfully.
2025-04-28 18:55:43 - The file has been saved successfully.
2025-04-28 18:57:07 - application start
2025-04-28 18:57:07 - en-US29
2025-04-28 19:30:56 - application start
2025-04-28 19:30:56 - en-US30
2025-04-28 19:31:05 - The file has been saved successfully.
2025-04-28 19:31:05 - tr-TR30
2025-04-28 19:31:05 - The file has been saved successfully.
2025-04-28 19:31:05 - tr-TR30
2025-04-28 19:32:45 - application start
2025-04-28 19:32:45 - tr-TR30
2025-04-28 19:32:49 - [json.exception.type_error.302] type must be boolean, but is null
2025-04-28 19:32:52 - The file has been saved successfully.
2025-04-28 19:32:52 - fr-FR30
2025-04-28 19:32:55 - The file has been saved successfully.
2025-04-28 19:32:55 - de-DE30
2025-04-28 19:32:59 - The file has been saved successfully.
2025-04-28 19:32:59 - tr-TR30
2025-04-28 19:33:00 - The file has been saved successfully.
2025-04-28 19:33:02 - The file has been saved successfully.
2025-04-28 19:33:02 - fr-FR30
2025-04-28 19:33:04 - The file has been saved successfully.
2025-04-28 19:33:04 - en-US30
2025-04-28 19:33:10 - The file has been saved successfully.
2025-04-28 19:33:10 - tr-TR30
2025-04-28 19:42:18 - application start
2025-04-28 19:42:18 - tr-TR30
2025-04-28 19:42:24 - Detected > GNOME
