2025-04-08 21:53:00 - application start
2025-04-08 21:53:00 - en-US8
2025-04-08 21:56:19 - GNOME
2025-04-08 21:56:32 - application start
2025-04-08 21:56:32 - en-US8
2025-04-08 21:57:01 - The file has been saved successfully.
2025-04-08 21:57:01 - fr-FR8
2025-04-08 21:57:07 - The file has been saved successfully.
2025-04-08 21:57:07 - tr-TR11
2025-04-08 21:57:13 - The file has been saved successfully.
2025-04-08 21:57:13 - de-DE8
2025-04-08 21:57:19 - The file has been saved successfully.
2025-04-08 21:57:19 - tr-TR11
2025-04-08 21:58:05 - The file has been saved successfully.
2025-04-08 21:58:05 - en-US8
2025-04-08 21:58:10 - The file has been saved successfully.
2025-04-08 21:58:10 - es-ES8
2025-04-08 21:58:44 - application start
2025-04-08 21:58:44 - es-ES8
2025-04-08 21:59:35 - application start
2025-04-08 21:59:36 - es-ES8
2025-04-08 21:59:51 - The file has been saved successfully.
2025-04-08 21:59:51 - en-US8
2025-04-08 21:59:55 - The file has been saved successfully.
2025-04-08 21:59:55 - tr-TR11
2025-04-08 22:00:00 - The file has been saved successfully.
2025-04-08 22:00:00 - es-ES8
2025-04-08 22:00:03 - The file has been saved successfully.
2025-04-08 22:00:03 - fr-FR8
2025-04-08 22:02:35 - application start
2025-04-08 22:02:35 - fr-FR8
2025-04-08 22:02:46 - The file has been saved successfully.
2025-04-08 22:02:46 - en-US8
